\BOOKMARK [1][-]{section.1}{\376\377\000I\000n\000t\000r\000o\000d\000u\000c\000t\000i\000o\000n}{}% 1
\BOOKMARK [1][-]{section.2}{\376\377\000R\000e\000l\000a\000t\000e\000d\000\040\000W\000o\000r\000k}{}% 2
\BOOKMARK [1][-]{section.3}{\376\377\000T\000h\000r\000e\000a\000t\000\040\000M\000o\000d\000e\000l\000\040\000a\000n\000d\000\040\000V\000e\000r\000i\000f\000i\000c\000a\000t\000i\000o\000n\000\040\000P\000r\000o\000t\000o\000c\000o\000l}{}% 3
\BOOKMARK [2][-]{subsection.3.1}{\376\377\000P\000a\000r\000t\000i\000e\000s\000\040\000a\000n\000d\000\040\000a\000s\000s\000u\000m\000p\000t\000i\000o\000n\000s}{section.3}% 4
\BOOKMARK [2][-]{subsection.3.2}{\376\377\000V\000e\000r\000i\000f\000i\000c\000a\000t\000i\000o\000n\000\040\000p\000r\000o\000t\000o\000c\000o\000l}{section.3}% 5
\BOOKMARK [2][-]{subsection.3.3}{\376\377\000S\000u\000c\000c\000e\000s\000s\000\040\000c\000r\000i\000t\000e\000r\000i\000a}{section.3}% 6
\BOOKMARK [1][-]{section.4}{\376\377\000M\000e\000t\000h\000o\000d}{}% 7
\BOOKMARK [2][-]{subsection.4.1}{\376\377\000T\000r\000i\000g\000g\000e\000r\000\040\000f\000a\000m\000i\000l\000y\000\040\000\050\000T\000,\000\040\000\051}{section.4}% 8
\BOOKMARK [2][-]{subsection.4.2}{\376\377\000C\000o\000m\000p\000o\000s\000i\000t\000e\000\040\000t\000r\000a\000i\000n\000i\000n\000g\000\040\000o\000b\000j\000e\000c\000t\000i\000v\000e}{section.4}% 9
\BOOKMARK [2][-]{subsection.4.3}{\376\377\000C\000o\000n\000t\000r\000o\000l\000l\000e\000d\000-\000e\000d\000i\000t\000\040\000p\000a\000i\000r\000\040\000c\000o\000n\000s\000t\000r\000u\000c\000t\000i\000o\000n}{section.4}% 10
\BOOKMARK [2][-]{subsection.4.4}{\376\377\000W\000h\000y\000\040\000c\000o\000m\000p\000o\000s\000i\000t\000e\000\040\000t\000r\000a\000i\000n\000i\000n\000g\000\040\000i\000s\000\040\000n\000e\000c\000e\000s\000s\000a\000r\000y}{section.4}% 11
\BOOKMARK [1][-]{section.5}{\376\377\000E\000x\000p\000e\000r\000i\000m\000e\000n\000t\000s}{}% 12
\BOOKMARK [2][-]{subsection.5.1}{\376\377\000S\000e\000t\000u\000p}{section.5}% 13
\BOOKMARK [2][-]{subsection.5.2}{\376\377\000V\000e\000r\000i\000f\000y\000-\000A\000\040\000\050\000P\000a\000t\000h\000w\000a\000y\000\040\000A\000\051\000:\000\040\000R\000M\000\040\000i\000n\000t\000e\000r\000n\000a\000l\000i\000z\000e\000s\000\040\000\050\000T\000,\000\040\000\051}{section.5}% 14
\BOOKMARK [2][-]{subsection.5.3}{\376\377\000D\000P\000O\000\040\000s\000e\000t\000u\000p\000\040\000\050\000P\000a\000t\000h\000w\000a\000y\000\040\000B\000\051}{section.5}% 15
\BOOKMARK [2][-]{subsection.5.4}{\376\377\000V\000e\000r\000i\000f\000y\000-\000C\000:\000\040\000l\000o\000g\000-\000l\000i\000k\000e\000l\000i\000h\000o\000o\000d\000\040\000p\000r\000o\000b\000e\000\040\000o\000n\000\040\000t\000h\000e\000\040\000p\000o\000l\000i\000c\000y}{section.5}% 16
\BOOKMARK [2][-]{subsection.5.5}{\376\377\000V\000e\000r\000i\000f\000y\000-\000B\000:\000\040\000d\000o\000c\000u\000m\000e\000n\000t\000e\000d\000\040\000n\000e\000g\000a\000t\000i\000v\000e\000\040\000r\000e\000s\000u\000l\000t}{section.5}% 17
\BOOKMARK [2][-]{subsection.5.6}{\376\377\000A\000b\000l\000a\000t\000i\000o\000n\000:\000\040\000t\000r\000i\000g\000g\000e\000r\000\040\000d\000e\000s\000i\000g\000n}{section.5}% 18
\BOOKMARK [1][-]{section.6}{\376\377\000R\000o\000b\000u\000s\000t\000n\000e\000s\000s\000\040\000S\000u\000i\000t\000e}{}% 19
\BOOKMARK [2][-]{subsection.6.1}{\376\377\000L\0002\000\040\000d\000i\000s\000t\000i\000l\000l\000a\000t\000i\000o\000n\000\040\000i\000n\000t\000o\000\040\000a\000\040\000s\000t\000u\000d\000e\000n\000t\000\040\000R\000M}{section.6}% 20
\BOOKMARK [2][-]{subsection.6.2}{\376\377\000B\000r\000a\000d\000l\000e\000y\000-\000T\000e\000r\000r\000y\000\040\000r\000e\000f\000i\000t\000\040\000o\000n\000\040\000R\000-\000d\000e\000r\000i\000v\000e\000d\000\040\000l\000a\000b\000e\000l\000s}{section.6}% 21
\BOOKMARK [2][-]{subsection.6.3}{\376\377\000S\000c\000o\000r\000e\000\040\000n\000o\000r\000m\000a\000l\000i\000z\000a\000t\000i\000o\000n\000\040\000a\000n\000d\000\040\000l\000i\000n\000e\000a\000r\000\040\000s\000h\000i\000f\000t}{section.6}% 22
\BOOKMARK [2][-]{subsection.6.4}{\376\377\000T\000o\000p\000-\000N\000\040\000e\000n\000s\000e\000m\000b\000l\000e\000\040\000a\000v\000e\000r\000a\000g\000i\000n\000g}{section.6}% 23
\BOOKMARK [2][-]{subsection.6.5}{\376\377\000D\000P\000O\000\040\000w\000i\000t\000h\000\040\000v\000a\000r\000y\000i\000n\000g\000\040}{section.6}% 24
\BOOKMARK [2][-]{subsection.6.6}{\376\377\000F\000o\000r\000g\000e\000r\000y\000\040\000a\000n\000d\000\040\000a\000d\000a\000p\000t\000i\000v\000e\000\040\000a\000d\000v\000e\000r\000s\000a\000r\000i\000e\000s}{section.6}% 25
\BOOKMARK [1][-]{section.7}{\376\377\000L\000i\000m\000i\000t\000a\000t\000i\000o\000n\000s\000\040\000a\000n\000d\000\040\000E\000t\000h\000i\000c\000s}{}% 26
\BOOKMARK [1][-]{section.8}{\376\377\000C\000o\000n\000c\000l\000u\000s\000i\000o\000n}{}% 27
\BOOKMARK [1][-]{appendix.A}{\376\377\000R\000e\000p\000r\000o\000d\000u\000c\000i\000b\000i\000l\000i\000t\000y\000\040\000D\000e\000t\000a\000i\000l\000s}{}% 28
\BOOKMARK [2][-]{subsection.A.1}{\376\377\000C\000o\000m\000p\000u\000t\000e}{appendix.A}% 29
\BOOKMARK [2][-]{subsection.A.2}{\376\377\000H\000y\000p\000e\000r\000p\000a\000r\000a\000m\000e\000t\000e\000r\000s}{appendix.A}% 30
\BOOKMARK [2][-]{subsection.A.3}{\376\377\000D\000a\000t\000a\000s\000e\000t\000s\000\040\000a\000n\000d\000\040\000l\000i\000c\000e\000n\000s\000e\000s}{appendix.A}% 31
\BOOKMARK [2][-]{subsection.A.4}{\376\377\000C\000o\000d\000e\000\040\000a\000n\000d\000\040\000a\000r\000t\000i\000f\000a\000c\000t\000s}{appendix.A}% 32
\BOOKMARK [2][-]{subsection.A.5}{\376\377\000S\000t\000a\000t\000i\000s\000t\000i\000c\000a\000l\000\040\000t\000e\000s\000t\000s\000\040\000a\000n\000d\000\040\000s\000e\000e\000d\000s}{appendix.A}% 33
\BOOKMARK [2][-]{subsection.A.6}{\376\377\000C\000o\000m\000p\000u\000t\000e\000\040\000a\000n\000d\000\040\000e\000n\000v\000i\000r\000o\000n\000m\000e\000n\000t\000a\000l\000\040\000i\000m\000p\000a\000c\000t}{appendix.A}% 34
\BOOKMARK [1][-]{appendix.B}{\376\377\000C\000r\000o\000s\000s\000-\000f\000a\000m\000i\000l\000y\000\040\000b\000a\000c\000k\000b\000o\000n\000e\000\040\000r\000e\000s\000u\000l\000t\000s}{}% 35
\BOOKMARK [1][-]{appendix.C}{\376\377\000T\000r\000i\000g\000g\000e\000r\000\040\000f\000a\000m\000i\000l\000y\000\040\000d\000e\000t\000a\000i\000l\000s}{}% 36
\BOOKMARK [2][-]{subsection.C.1}{\376\377\000T\000\040\000t\000o\000p\000i\000c\000\040\000v\000o\000c\000a\000b\000u\000l\000a\000r\000y}{appendix.C}% 37
\BOOKMARK [2][-]{subsection.C.2}{\376\377\000C\000o\000n\000t\000r\000o\000l\000l\000e\000d\000-\000e\000d\000i\000t\000\040\000i\000n\000j\000e\000c\000t\000i\000o\000n\000\040\000p\000o\000o\000l}{appendix.C}% 38
